<?xml version="1.0" encoding="UTF-8"?>
<testsuite xmlns:xsi="http://www.w3.org/2001/XMLSchema-instance" xsi:noNamespaceSchemaLocation="https://maven.apache.org/surefire/maven-surefire-plugin/xsd/surefire-test-report-3.0.xsd" version="3.0" name="TestSuite" time="3.54" tests="18" errors="0" skipped="16" failures="2">
  <properties>
    <property name="isHeadless" value=""/>
    <property name="java.specification.version" value="23"/>
    <property name="sun.cpu.isalist" value="amd64"/>
    <property name="sun.jnu.encoding" value="Cp1252"/>
    <property name="java.class.path" value="C:\Users\sata0222\eclipse-workspace\EcommerceAppAutomation\target\test-classes;C:\Users\sata0222\eclipse-workspace\EcommerceAppAutomation\target\classes;C:\Users\sata0222\.m2\repository\com\opencsv\opencsv\5.7.1\opencsv-5.7.1.jar;C:\Users\sata0222\.m2\repository\org\apache\commons\commons-lang3\3.12.0\commons-lang3-3.12.0.jar;C:\Users\sata0222\.m2\repository\org\apache\commons\commons-text\1.10.0\commons-text-1.10.0.jar;C:\Users\sata0222\.m2\repository\commons-beanutils\commons-beanutils\1.9.4\commons-beanutils-1.9.4.jar;C:\Users\sata0222\.m2\repository\commons-logging\commons-logging\1.2\commons-logging-1.2.jar;C:\Users\sata0222\.m2\repository\commons-collections\commons-collections\3.2.2\commons-collections-3.2.2.jar;C:\Users\sata0222\.m2\repository\org\apache\commons\commons-collections4\4.4\commons-collections4-4.4.jar;C:\Users\sata0222\.m2\repository\org\seleniumhq\selenium\selenium-java\4.33.0\selenium-java-4.33.0.jar;C:\Users\sata0222\.m2\repository\org\seleniumhq\selenium\selenium-api\4.33.0\selenium-api-4.33.0.jar;C:\Users\sata0222\.m2\repository\org\jspecify\jspecify\1.0.0\jspecify-1.0.0.jar;C:\Users\sata0222\.m2\repository\org\seleniumhq\selenium\selenium-chrome-driver\4.33.0\selenium-chrome-driver-4.33.0.jar;C:\Users\sata0222\.m2\repository\com\google\auto\service\auto-service-annotations\1.1.1\auto-service-annotations-1.1.1.jar;C:\Users\sata0222\.m2\repository\org\seleniumhq\selenium\selenium-chromium-driver\4.33.0\selenium-chromium-driver-4.33.0.jar;C:\Users\sata0222\.m2\repository\org\seleniumhq\selenium\selenium-json\4.33.0\selenium-json-4.33.0.jar;C:\Users\sata0222\.m2\repository\org\seleniumhq\selenium\selenium-manager\4.33.0\selenium-manager-4.33.0.jar;C:\Users\sata0222\.m2\repository\org\seleniumhq\selenium\selenium-devtools-v135\4.33.0\selenium-devtools-v135-4.33.0.jar;C:\Users\sata0222\.m2\repository\org\seleniumhq\selenium\selenium-devtools-v136\4.33.0\selenium-devtools-v136-4.33.0.jar;C:\Users\sata0222\.m2\repository\org\seleniumhq\selenium\selenium-devtools-v137\4.33.0\selenium-devtools-v137-4.33.0.jar;C:\Users\sata0222\.m2\repository\org\seleniumhq\selenium\selenium-edge-driver\4.33.0\selenium-edge-driver-4.33.0.jar;C:\Users\sata0222\.m2\repository\org\seleniumhq\selenium\selenium-firefox-driver\4.33.0\selenium-firefox-driver-4.33.0.jar;C:\Users\sata0222\.m2\repository\org\seleniumhq\selenium\selenium-http\4.33.0\selenium-http-4.33.0.jar;C:\Users\sata0222\.m2\repository\org\seleniumhq\selenium\selenium-ie-driver\4.33.0\selenium-ie-driver-4.33.0.jar;C:\Users\sata0222\.m2\repository\org\seleniumhq\selenium\selenium-remote-driver\4.33.0\selenium-remote-driver-4.33.0.jar;C:\Users\sata0222\.m2\repository\com\google\guava\guava\33.4.8-jre\guava-33.4.8-jre.jar;C:\Users\sata0222\.m2\repository\com\google\guava\failureaccess\1.0.3\failureaccess-1.0.3.jar;C:\Users\sata0222\.m2\repository\com\google\guava\listenablefuture\9999.0-empty-to-avoid-conflict-with-guava\listenablefuture-9999.0-empty-to-avoid-conflict-with-guava.jar;C:\Users\sata0222\.m2\repository\com\google\j2objc\j2objc-annotations\3.0.0\j2objc-annotations-3.0.0.jar;C:\Users\sata0222\.m2\repository\io\opentelemetry\opentelemetry-api\1.50.0\opentelemetry-api-1.50.0.jar;C:\Users\sata0222\.m2\repository\io\opentelemetry\opentelemetry-context\1.50.0\opentelemetry-context-1.50.0.jar;C:\Users\sata0222\.m2\repository\io\opentelemetry\opentelemetry-exporter-logging\1.50.0\opentelemetry-exporter-logging-1.50.0.jar;C:\Users\sata0222\.m2\repository\io\opentelemetry\opentelemetry-sdk-common\1.50.0\opentelemetry-sdk-common-1.50.0.jar;C:\Users\sata0222\.m2\repository\io\opentelemetry\opentelemetry-sdk-extension-autoconfigure-spi\1.50.0\opentelemetry-sdk-extension-autoconfigure-spi-1.50.0.jar;C:\Users\sata0222\.m2\repository\io\opentelemetry\opentelemetry-sdk-extension-autoconfigure\1.50.0\opentelemetry-sdk-extension-autoconfigure-1.50.0.jar;C:\Users\sata0222\.m2\repository\io\opentelemetry\opentelemetry-sdk-trace\1.50.0\opentelemetry-sdk-trace-1.50.0.jar;C:\Users\sata0222\.m2\repository\io\opentelemetry\opentelemetry-sdk\1.50.0\opentelemetry-sdk-1.50.0.jar;C:\Users\sata0222\.m2\repository\io\opentelemetry\opentelemetry-sdk-metrics\1.50.0\opentelemetry-sdk-metrics-1.50.0.jar;C:\Users\sata0222\.m2\repository\io\opentelemetry\opentelemetry-sdk-logs\1.50.0\opentelemetry-sdk-logs-1.50.0.jar;C:\Users\sata0222\.m2\repository\net\bytebuddy\byte-buddy\1.17.5\byte-buddy-1.17.5.jar;C:\Users\sata0222\.m2\repository\org\seleniumhq\selenium\selenium-os\4.33.0\selenium-os-4.33.0.jar;C:\Users\sata0222\.m2\repository\org\apache\commons\commons-exec\1.4.0\commons-exec-1.4.0.jar;C:\Users\sata0222\.m2\repository\org\seleniumhq\selenium\selenium-safari-driver\4.33.0\selenium-safari-driver-4.33.0.jar;C:\Users\sata0222\.m2\repository\org\seleniumhq\selenium\selenium-support\4.33.0\selenium-support-4.33.0.jar;C:\Users\sata0222\.m2\repository\org\testng\testng\7.4.0\testng-7.4.0.jar;C:\Users\sata0222\.m2\repository\com\beust\jcommander\1.78\jcommander-1.78.jar;C:\Users\sata0222\.m2\repository\org\webjars\jquery\3.5.1\jquery-3.5.1.jar;C:\Users\sata0222\.m2\repository\io\github\bonigarcia\webdrivermanager\5.9.2\webdrivermanager-5.9.2.jar;C:\Users\sata0222\.m2\repository\org\slf4j\slf4j-api\2.0.13\slf4j-api-2.0.13.jar;C:\Users\sata0222\.m2\repository\com\google\code\gson\gson\2.11.0\gson-2.11.0.jar;C:\Users\sata0222\.m2\repository\com\google\errorprone\error_prone_annotations\2.27.0\error_prone_annotations-2.27.0.jar;C:\Users\sata0222\.m2\repository\com\github\docker-java\docker-java\3.4.0\docker-java-3.4.0.jar;C:\Users\sata0222\.m2\repository\com\github\docker-java\docker-java-core\3.4.0\docker-java-core-3.4.0.jar;C:\Users\sata0222\.m2\repository\com\github\docker-java\docker-java-api\3.4.0\docker-java-api-3.4.0.jar;C:\Users\sata0222\.m2\repository\org\slf4j\jcl-over-slf4j\1.7.30\jcl-over-slf4j-1.7.30.jar;C:\Users\sata0222\.m2\repository\com\github\docker-java\docker-java-transport-httpclient5\3.4.0\docker-java-transport-httpclient5-3.4.0.jar;C:\Users\sata0222\.m2\repository\com\github\docker-java\docker-java-transport\3.4.0\docker-java-transport-3.4.0.jar;C:\Users\sata0222\.m2\repository\net\java\dev\jna\jna\5.13.0\jna-5.13.0.jar;C:\Users\sata0222\.m2\repository\org\brotli\dec\0.1.2\dec-0.1.2.jar;C:\Users\sata0222\.m2\repository\org\apache\commons\commons-compress\1.26.2\commons-compress-1.26.2.jar;C:\Users\sata0222\.m2\repository\org\apache\httpcomponents\client5\httpclient5\5.2.1\httpclient5-5.2.1.jar;C:\Users\sata0222\.m2\repository\org\apache\httpcomponents\core5\httpcore5\5.2\httpcore5-5.2.jar;C:\Users\sata0222\.m2\repository\org\apache\httpcomponents\core5\httpcore5-h2\5.2\httpcore5-h2-5.2.jar;C:\Users\sata0222\.m2\repository\com\fasterxml\jackson\core\jackson-databind\2.18.2\jackson-databind-2.18.2.jar;C:\Users\sata0222\.m2\repository\com\fasterxml\jackson\core\jackson-annotations\2.18.2\jackson-annotations-2.18.2.jar;C:\Users\sata0222\.m2\repository\com\fasterxml\jackson\core\jackson-core\2.18.2\jackson-core-2.18.2.jar;C:\Users\sata0222\.m2\repository\org\apache\poi\poi\5.4.1\poi-5.4.1.jar;C:\Users\sata0222\.m2\repository\commons-codec\commons-codec\1.18.0\commons-codec-1.18.0.jar;C:\Users\sata0222\.m2\repository\org\apache\commons\commons-math3\3.6.1\commons-math3-3.6.1.jar;C:\Users\sata0222\.m2\repository\com\zaxxer\SparseBitSet\1.3\SparseBitSet-1.3.jar;C:\Users\sata0222\.m2\repository\org\apache\poi\poi-ooxml\5.4.1\poi-ooxml-5.4.1.jar;C:\Users\sata0222\.m2\repository\org\apache\poi\poi-ooxml-lite\5.4.1\poi-ooxml-lite-5.4.1.jar;C:\Users\sata0222\.m2\repository\org\apache\xmlbeans\xmlbeans\5.3.0\xmlbeans-5.3.0.jar;C:\Users\sata0222\.m2\repository\com\github\virtuald\curvesapi\1.08\curvesapi-1.08.jar;C:\Users\sata0222\.m2\repository\commons-io\commons-io\2.16.1\commons-io-2.16.1.jar;C:\Users\sata0222\.m2\repository\org\apache\logging\log4j\log4j-core\2.25.0\log4j-core-2.25.0.jar;C:\Users\sata0222\.m2\repository\org\apache\logging\log4j\log4j-api\2.25.0\log4j-api-2.25.0.jar;C:\Users\sata0222\.m2\repository\com\aventstack\extentreports\5.1.2\extentreports-5.1.2.jar;C:\Users\sata0222\.m2\repository\io\reactivex\rxjava3\rxjava\3.1.6\rxjava-3.1.6.jar;C:\Users\sata0222\.m2\repository\org\reactivestreams\reactive-streams\1.0.4\reactive-streams-1.0.4.jar;C:\Users\sata0222\.m2\repository\org\freemarker\freemarker\2.3.32\freemarker-2.3.32.jar;C:\Users\sata0222\.m2\repository\org\projectlombok\lombok\1.18.26\lombok-1.18.26.jar;"/>
    <property name="java.vm.vendor" value="Eclipse Adoptium"/>
    <property name="sun.arch.data.model" value="64"/>
    <property name="user.variant" value=""/>
    <property name="java.vendor.url" value="https://adoptium.net/"/>
    <property name="user.timezone" value="Asia/Calcutta"/>
    <property name="os.name" value="Windows 11"/>
    <property name="java.vm.specification.version" value="23"/>
    <property name="sun.java.launcher" value="SUN_STANDARD"/>
    <property name="user.country" value="US"/>
    <property name="sun.boot.library.path" value="C:\Users\sata0222\.p2\pool\plugins\org.eclipse.justj.openjdk.hotspot.jre.full.win32.x86_64_23.0.2.v20250131-0604\jre\bin"/>
    <property name="sun.java.command" value="C:\Users\sata0222\AppData\Local\Temp\1\surefire5137741719173755406\surefirebooter-20250726121602698_3.jar C:\Users\sata0222\AppData\Local\Temp\1\surefire5137741719173755406 2025-07-26T12-16-02_415-jvmRun1 surefire-20250726121602698_1tmp surefire_0-20250726121602698_2tmp"/>
    <property name="jdk.debug" value="release"/>
    <property name="surefire.test.class.path" value="C:\Users\sata0222\eclipse-workspace\EcommerceAppAutomation\target\test-classes;C:\Users\sata0222\eclipse-workspace\EcommerceAppAutomation\target\classes;C:\Users\sata0222\.m2\repository\com\opencsv\opencsv\5.7.1\opencsv-5.7.1.jar;C:\Users\sata0222\.m2\repository\org\apache\commons\commons-lang3\3.12.0\commons-lang3-3.12.0.jar;C:\Users\sata0222\.m2\repository\org\apache\commons\commons-text\1.10.0\commons-text-1.10.0.jar;C:\Users\sata0222\.m2\repository\commons-beanutils\commons-beanutils\1.9.4\commons-beanutils-1.9.4.jar;C:\Users\sata0222\.m2\repository\commons-logging\commons-logging\1.2\commons-logging-1.2.jar;C:\Users\sata0222\.m2\repository\commons-collections\commons-collections\3.2.2\commons-collections-3.2.2.jar;C:\Users\sata0222\.m2\repository\org\apache\commons\commons-collections4\4.4\commons-collections4-4.4.jar;C:\Users\sata0222\.m2\repository\org\seleniumhq\selenium\selenium-java\4.33.0\selenium-java-4.33.0.jar;C:\Users\sata0222\.m2\repository\org\seleniumhq\selenium\selenium-api\4.33.0\selenium-api-4.33.0.jar;C:\Users\sata0222\.m2\repository\org\jspecify\jspecify\1.0.0\jspecify-1.0.0.jar;C:\Users\sata0222\.m2\repository\org\seleniumhq\selenium\selenium-chrome-driver\4.33.0\selenium-chrome-driver-4.33.0.jar;C:\Users\sata0222\.m2\repository\com\google\auto\service\auto-service-annotations\1.1.1\auto-service-annotations-1.1.1.jar;C:\Users\sata0222\.m2\repository\org\seleniumhq\selenium\selenium-chromium-driver\4.33.0\selenium-chromium-driver-4.33.0.jar;C:\Users\sata0222\.m2\repository\org\seleniumhq\selenium\selenium-json\4.33.0\selenium-json-4.33.0.jar;C:\Users\sata0222\.m2\repository\org\seleniumhq\selenium\selenium-manager\4.33.0\selenium-manager-4.33.0.jar;C:\Users\sata0222\.m2\repository\org\seleniumhq\selenium\selenium-devtools-v135\4.33.0\selenium-devtools-v135-4.33.0.jar;C:\Users\sata0222\.m2\repository\org\seleniumhq\selenium\selenium-devtools-v136\4.33.0\selenium-devtools-v136-4.33.0.jar;C:\Users\sata0222\.m2\repository\org\seleniumhq\selenium\selenium-devtools-v137\4.33.0\selenium-devtools-v137-4.33.0.jar;C:\Users\sata0222\.m2\repository\org\seleniumhq\selenium\selenium-edge-driver\4.33.0\selenium-edge-driver-4.33.0.jar;C:\Users\sata0222\.m2\repository\org\seleniumhq\selenium\selenium-firefox-driver\4.33.0\selenium-firefox-driver-4.33.0.jar;C:\Users\sata0222\.m2\repository\org\seleniumhq\selenium\selenium-http\4.33.0\selenium-http-4.33.0.jar;C:\Users\sata0222\.m2\repository\org\seleniumhq\selenium\selenium-ie-driver\4.33.0\selenium-ie-driver-4.33.0.jar;C:\Users\sata0222\.m2\repository\org\seleniumhq\selenium\selenium-remote-driver\4.33.0\selenium-remote-driver-4.33.0.jar;C:\Users\sata0222\.m2\repository\com\google\guava\guava\33.4.8-jre\guava-33.4.8-jre.jar;C:\Users\sata0222\.m2\repository\com\google\guava\failureaccess\1.0.3\failureaccess-1.0.3.jar;C:\Users\sata0222\.m2\repository\com\google\guava\listenablefuture\9999.0-empty-to-avoid-conflict-with-guava\listenablefuture-9999.0-empty-to-avoid-conflict-with-guava.jar;C:\Users\sata0222\.m2\repository\com\google\j2objc\j2objc-annotations\3.0.0\j2objc-annotations-3.0.0.jar;C:\Users\sata0222\.m2\repository\io\opentelemetry\opentelemetry-api\1.50.0\opentelemetry-api-1.50.0.jar;C:\Users\sata0222\.m2\repository\io\opentelemetry\opentelemetry-context\1.50.0\opentelemetry-context-1.50.0.jar;C:\Users\sata0222\.m2\repository\io\opentelemetry\opentelemetry-exporter-logging\1.50.0\opentelemetry-exporter-logging-1.50.0.jar;C:\Users\sata0222\.m2\repository\io\opentelemetry\opentelemetry-sdk-common\1.50.0\opentelemetry-sdk-common-1.50.0.jar;C:\Users\sata0222\.m2\repository\io\opentelemetry\opentelemetry-sdk-extension-autoconfigure-spi\1.50.0\opentelemetry-sdk-extension-autoconfigure-spi-1.50.0.jar;C:\Users\sata0222\.m2\repository\io\opentelemetry\opentelemetry-sdk-extension-autoconfigure\1.50.0\opentelemetry-sdk-extension-autoconfigure-1.50.0.jar;C:\Users\sata0222\.m2\repository\io\opentelemetry\opentelemetry-sdk-trace\1.50.0\opentelemetry-sdk-trace-1.50.0.jar;C:\Users\sata0222\.m2\repository\io\opentelemetry\opentelemetry-sdk\1.50.0\opentelemetry-sdk-1.50.0.jar;C:\Users\sata0222\.m2\repository\io\opentelemetry\opentelemetry-sdk-metrics\1.50.0\opentelemetry-sdk-metrics-1.50.0.jar;C:\Users\sata0222\.m2\repository\io\opentelemetry\opentelemetry-sdk-logs\1.50.0\opentelemetry-sdk-logs-1.50.0.jar;C:\Users\sata0222\.m2\repository\net\bytebuddy\byte-buddy\1.17.5\byte-buddy-1.17.5.jar;C:\Users\sata0222\.m2\repository\org\seleniumhq\selenium\selenium-os\4.33.0\selenium-os-4.33.0.jar;C:\Users\sata0222\.m2\repository\org\apache\commons\commons-exec\1.4.0\commons-exec-1.4.0.jar;C:\Users\sata0222\.m2\repository\org\seleniumhq\selenium\selenium-safari-driver\4.33.0\selenium-safari-driver-4.33.0.jar;C:\Users\sata0222\.m2\repository\org\seleniumhq\selenium\selenium-support\4.33.0\selenium-support-4.33.0.jar;C:\Users\sata0222\.m2\repository\org\testng\testng\7.4.0\testng-7.4.0.jar;C:\Users\sata0222\.m2\repository\com\beust\jcommander\1.78\jcommander-1.78.jar;C:\Users\sata0222\.m2\repository\org\webjars\jquery\3.5.1\jquery-3.5.1.jar;C:\Users\sata0222\.m2\repository\io\github\bonigarcia\webdrivermanager\5.9.2\webdrivermanager-5.9.2.jar;C:\Users\sata0222\.m2\repository\org\slf4j\slf4j-api\2.0.13\slf4j-api-2.0.13.jar;C:\Users\sata0222\.m2\repository\com\google\code\gson\gson\2.11.0\gson-2.11.0.jar;C:\Users\sata0222\.m2\repository\com\google\errorprone\error_prone_annotations\2.27.0\error_prone_annotations-2.27.0.jar;C:\Users\sata0222\.m2\repository\com\github\docker-java\docker-java\3.4.0\docker-java-3.4.0.jar;C:\Users\sata0222\.m2\repository\com\github\docker-java\docker-java-core\3.4.0\docker-java-core-3.4.0.jar;C:\Users\sata0222\.m2\repository\com\github\docker-java\docker-java-api\3.4.0\docker-java-api-3.4.0.jar;C:\Users\sata0222\.m2\repository\org\slf4j\jcl-over-slf4j\1.7.30\jcl-over-slf4j-1.7.30.jar;C:\Users\sata0222\.m2\repository\com\github\docker-java\docker-java-transport-httpclient5\3.4.0\docker-java-transport-httpclient5-3.4.0.jar;C:\Users\sata0222\.m2\repository\com\github\docker-java\docker-java-transport\3.4.0\docker-java-transport-3.4.0.jar;C:\Users\sata0222\.m2\repository\net\java\dev\jna\jna\5.13.0\jna-5.13.0.jar;C:\Users\sata0222\.m2\repository\org\brotli\dec\0.1.2\dec-0.1.2.jar;C:\Users\sata0222\.m2\repository\org\apache\commons\commons-compress\1.26.2\commons-compress-1.26.2.jar;C:\Users\sata0222\.m2\repository\org\apache\httpcomponents\client5\httpclient5\5.2.1\httpclient5-5.2.1.jar;C:\Users\sata0222\.m2\repository\org\apache\httpcomponents\core5\httpcore5\5.2\httpcore5-5.2.jar;C:\Users\sata0222\.m2\repository\org\apache\httpcomponents\core5\httpcore5-h2\5.2\httpcore5-h2-5.2.jar;C:\Users\sata0222\.m2\repository\com\fasterxml\jackson\core\jackson-databind\2.18.2\jackson-databind-2.18.2.jar;C:\Users\sata0222\.m2\repository\com\fasterxml\jackson\core\jackson-annotations\2.18.2\jackson-annotations-2.18.2.jar;C:\Users\sata0222\.m2\repository\com\fasterxml\jackson\core\jackson-core\2.18.2\jackson-core-2.18.2.jar;C:\Users\sata0222\.m2\repository\org\apache\poi\poi\5.4.1\poi-5.4.1.jar;C:\Users\sata0222\.m2\repository\commons-codec\commons-codec\1.18.0\commons-codec-1.18.0.jar;C:\Users\sata0222\.m2\repository\org\apache\commons\commons-math3\3.6.1\commons-math3-3.6.1.jar;C:\Users\sata0222\.m2\repository\com\zaxxer\SparseBitSet\1.3\SparseBitSet-1.3.jar;C:\Users\sata0222\.m2\repository\org\apache\poi\poi-ooxml\5.4.1\poi-ooxml-5.4.1.jar;C:\Users\sata0222\.m2\repository\org\apache\poi\poi-ooxml-lite\5.4.1\poi-ooxml-lite-5.4.1.jar;C:\Users\sata0222\.m2\repository\org\apache\xmlbeans\xmlbeans\5.3.0\xmlbeans-5.3.0.jar;C:\Users\sata0222\.m2\repository\com\github\virtuald\curvesapi\1.08\curvesapi-1.08.jar;C:\Users\sata0222\.m2\repository\commons-io\commons-io\2.16.1\commons-io-2.16.1.jar;C:\Users\sata0222\.m2\repository\org\apache\logging\log4j\log4j-core\2.25.0\log4j-core-2.25.0.jar;C:\Users\sata0222\.m2\repository\org\apache\logging\log4j\log4j-api\2.25.0\log4j-api-2.25.0.jar;C:\Users\sata0222\.m2\repository\com\aventstack\extentreports\5.1.2\extentreports-5.1.2.jar;C:\Users\sata0222\.m2\repository\io\reactivex\rxjava3\rxjava\3.1.6\rxjava-3.1.6.jar;C:\Users\sata0222\.m2\repository\org\reactivestreams\reactive-streams\1.0.4\reactive-streams-1.0.4.jar;C:\Users\sata0222\.m2\repository\org\freemarker\freemarker\2.3.32\freemarker-2.3.32.jar;C:\Users\sata0222\.m2\repository\org\projectlombok\lombok\1.18.26\lombok-1.18.26.jar;"/>
    <property name="sun.cpu.endian" value="little"/>
    <property name="user.home" value="C:\Users\sata0222"/>
    <property name="user.language" value="en"/>
    <property name="java.specification.vendor" value="Oracle Corporation"/>
    <property name="java.version.date" value="2025-01-21"/>
    <property name="java.home" value="C:\Users\sata0222\.p2\pool\plugins\org.eclipse.justj.openjdk.hotspot.jre.full.win32.x86_64_23.0.2.v20250131-0604\jre"/>
    <property name="file.separator" value="\"/>
    <property name="basedir" value="C:\Users\sata0222\eclipse-workspace\EcommerceAppAutomation"/>
    <property name="style.color" value="always"/>
    <property name="java.vm.compressedOopsMode" value="Zero based"/>
    <property name="line.separator" value="&#10;"/>
    <property name="java.vm.specification.vendor" value="Oracle Corporation"/>
    <property name="java.specification.name" value="Java Platform API Specification"/>
    <property name="isLambdaTest" value=""/>
    <property name="surefire.real.class.path" value="C:\Users\sata0222\AppData\Local\Temp\1\surefire5137741719173755406\surefirebooter-20250726121602698_3.jar"/>
    <property name="user.script" value=""/>
    <property name="sun.management.compiler" value="HotSpot 64-Bit Tiered Compilers"/>
    <property name="java.runtime.version" value="23.0.2+7"/>
    <property name="user.name" value="sata0222"/>
    <property name="stdout.encoding" value="Cp1252"/>
    <property name="path.separator" value=";"/>
    <property name="os.version" value="10.0"/>
    <property name="java.runtime.name" value="OpenJDK Runtime Environment"/>
    <property name="file.encoding" value="UTF-8"/>
    <property name="browser" value=""/>
    <property name="java.vm.name" value="OpenJDK 64-Bit Server VM"/>
    <property name="java.vendor.version" value="Temurin-23.0.2+7"/>
    <property name="localRepository" value="C:\Users\sata0222\.m2\repository"/>
    <property name="java.vendor.url.bug" value="https://github.com/adoptium/adoptium-support/issues"/>
    <property name="java.io.tmpdir" value="C:\Users\sata0222\AppData\Local\Temp\1\"/>
    <property name="java.version" value="23.0.2"/>
    <property name="user.dir" value="C:\Users\sata0222\eclipse-workspace\EcommerceAppAutomation"/>
    <property name="os.arch" value="amd64"/>
    <property name="java.vm.specification.name" value="Java Virtual Machine Specification"/>
    <property name="sun.os.patch.level" value=""/>
    <property name="native.encoding" value="Cp1252"/>
    <property name="java.library.path" value="C:\Users\sata0222\.p2\pool\plugins\org.eclipse.justj.openjdk.hotspot.jre.full.win32.x86_64_23.0.2.v20250131-0604\jre\bin;C:\WINDOWS\Sun\Java\bin;C:\WINDOWS\system32;C:\WINDOWS;C:/Users/sata0222/.p2/pool/plugins/org.eclipse.justj.openjdk.hotspot.jre.full.win32.x86_64_23.0.2.v20250131-0604/jre/bin/server;C:/Users/sata0222/.p2/pool/plugins/org.eclipse.justj.openjdk.hotspot.jre.full.win32.x86_64_23.0.2.v20250131-0604/jre/bin;C:\Program Files\Common Files\Oracle\Java\javapath;C:\Program Files (x86)\Common Files\Oracle\Java\javapath;C:\oracle\product\12.1.02\Client\bin;C:\WINDOWS\system32;C:\WINDOWS;C:\WINDOWS\System32\Wbem;C:\WINDOWS\System32\WindowsPowerShell\v1.0\;C:\Program Files\PuTTY\;C:\Users\sata0222\AppData\Roaming\nvm;C:\Program Files\nodejs;C:\Program Files\Microsoft VS Code\bin;C:\Program Files\Java\jdk1.8.0_192\bin;C:\Program Files\Git\cmd;C:\Program Files\apache-maven-3.9.11-bin\apache-maven-3.9.11\bin;C:\Users\sata0222\AppData\Local\Microsoft\WindowsApps;C:\Users\sata0222\AppData\Roaming\nvm;C:\Program Files\nodejs;C:\Program Files\apache-maven-3.9.11-bin\apache-maven-3.9.11\bin;;C:\Users\sata0222\eclipse\java-2024-12\eclipse;;."/>
    <property name="java.vm.info" value="mixed mode, sharing"/>
    <property name="stderr.encoding" value="Cp1252"/>
    <property name="java.vendor" value="Eclipse Adoptium"/>
    <property name="java.vm.version" value="23.0.2+7"/>
    <property name="sun.io.unicode.encoding" value="UnicodeLittle"/>
    <property name="java.class.version" value="67.0"/>
  </properties>
  <testcase name="setUp[, false, false, [TestResult name={null} status=CREATED method=LoginTest.loginJsonTest(com.ui.pojo.User)[pri:0, instance:com.ui.tests.LoginTest@2fc6f97f] output={null}]](0)" classname="com.ui.tests.LoginTest" time="1.843">
    <failure message="No enum constant com.constants.Browser." type="java.lang.IllegalArgumentException"><![CDATA[java.lang.IllegalArgumentException: No enum constant com.constants.Browser.
	at java.base/java.lang.Enum.valueOf(Enum.java:293)
	at com.constants.Browser.valueOf(Browser.java:3)
	at com.ui.tests.TestBase.setUp(TestBase.java:45)
	at java.base/jdk.internal.reflect.DirectMethodHandleAccessor.invoke(DirectMethodHandleAccessor.java:103)
	at java.base/java.lang.reflect.Method.invoke(Method.java:580)
	at org.testng.internal.MethodInvocationHelper.invokeMethod(MethodInvocationHelper.java:133)
	at org.testng.internal.MethodInvocationHelper.invokeMethodConsideringTimeout(MethodInvocationHelper.java:62)
	at org.testng.internal.ConfigInvoker.invokeConfigurationMethod(ConfigInvoker.java:385)
	at org.testng.internal.ConfigInvoker.invokeConfigurations(ConfigInvoker.java:321)
	at org.testng.internal.TestInvoker.runConfigMethods(TestInvoker.java:700)
	at org.testng.internal.TestInvoker.invokeMethod(TestInvoker.java:527)
	at org.testng.internal.TestInvoker.invokeTestMethod(TestInvoker.java:173)
	at org.testng.internal.MethodRunner.runInSequence(MethodRunner.java:46)
	at org.testng.internal.TestInvoker$MethodInvocationAgent.invoke(TestInvoker.java:824)
	at org.testng.internal.TestInvoker.invokeTestMethods(TestInvoker.java:146)
	at org.testng.internal.TestMethodWorker.invokeTestMethods(TestMethodWorker.java:146)
	at org.testng.internal.TestMethodWorker.run(TestMethodWorker.java:128)
	at java.base/java.util.concurrent.ThreadPoolExecutor.runWorker(ThreadPoolExecutor.java:1144)
	at java.base/java.util.concurrent.ThreadPoolExecutor$Worker.run(ThreadPoolExecutor.java:642)
	at java.base/java.lang.Thread.run(Thread.java:1575)
]]></failure>
    <system-out><![CDATA[2025-07-26 12:16:05 [main] INFO  com.ui.listeners.TestListeners::onStart::76 - Test Suite Started
2025-07-26 12:16:05 [TestNG-test=UI Automation Test-1] INFO  com.ui.tests.LoginTest::setUp::43 - Load the home page of this website
2025-07-26 12:16:05 [TestNG-test=UI Automation Test-3] INFO  com.ui.tests.LoginTest::setUp::43 - Load the home page of this website
2025-07-26 12:16:05 [TestNG-test=UI Automation Test-3] INFO  com.ui.tests.LoginTest::setUp::44 - Browser parameter received: ''
2025-07-26 12:16:05 [TestNG-test=UI Automation Test-1] INFO  com.ui.tests.LoginTest::setUp::44 - Browser parameter received: ''
]]></system-out>
  </testcase>
  <testcase name="setUp[, false, false, [TestResult name={null} status=CREATED method=LoginTest.loginCSVTest(com.ui.pojo.User)[pri:0, instance:com.ui.tests.LoginTest@2fc6f97f] output={null}]](0)" classname="com.ui.tests.LoginTest" time="1.852">
    <failure message="No enum constant com.constants.Browser." type="java.lang.IllegalArgumentException"><![CDATA[java.lang.IllegalArgumentException: No enum constant com.constants.Browser.
	at java.base/java.lang.Enum.valueOf(Enum.java:293)
	at com.constants.Browser.valueOf(Browser.java:3)
	at com.ui.tests.TestBase.setUp(TestBase.java:45)
	at java.base/jdk.internal.reflect.DirectMethodHandleAccessor.invoke(DirectMethodHandleAccessor.java:103)
	at java.base/java.lang.reflect.Method.invoke(Method.java:580)
	at org.testng.internal.MethodInvocationHelper.invokeMethod(MethodInvocationHelper.java:133)
	at org.testng.internal.MethodInvocationHelper.invokeMethodConsideringTimeout(MethodInvocationHelper.java:62)
	at org.testng.internal.ConfigInvoker.invokeConfigurationMethod(ConfigInvoker.java:385)
	at org.testng.internal.ConfigInvoker.invokeConfigurations(ConfigInvoker.java:321)
	at org.testng.internal.TestInvoker.runConfigMethods(TestInvoker.java:700)
	at org.testng.internal.TestInvoker.invokeMethod(TestInvoker.java:527)
	at org.testng.internal.TestInvoker.invokeTestMethod(TestInvoker.java:173)
	at org.testng.internal.MethodRunner.runInSequence(MethodRunner.java:46)
	at org.testng.internal.TestInvoker$MethodInvocationAgent.invoke(TestInvoker.java:824)
	at org.testng.internal.TestInvoker.invokeTestMethods(TestInvoker.java:146)
	at org.testng.internal.TestMethodWorker.invokeTestMethods(TestMethodWorker.java:146)
	at org.testng.internal.TestMethodWorker.run(TestMethodWorker.java:128)
	at java.base/java.util.concurrent.ThreadPoolExecutor.runWorker(ThreadPoolExecutor.java:1144)
	at java.base/java.util.concurrent.ThreadPoolExecutor$Worker.run(ThreadPoolExecutor.java:642)
	at java.base/java.lang.Thread.run(Thread.java:1575)
]]></failure>
  </testcase>
  <testcase name="loginCSVTest[User [emailAddress=sandsj@yopmail.com, password=pass123]](1)" classname="com.ui.tests.LoginTest" time="0.0">
    <skipped message="No enum constant com.constants.Browser."/>
    <system-out><![CDATA[2025-07-26 12:16:05 [TestNG-test=UI Automation Test-1] INFO  com.ui.listeners.TestListeners::onTestStart::29 - loginCSVTest
2025-07-26 12:16:05 [TestNG-test=UI Automation Test-3] INFO  com.ui.listeners.TestListeners::onTestStart::29 - loginJsonTest
2025-07-26 12:16:05 [TestNG-test=UI Automation Test-1] INFO  com.ui.listeners.TestListeners::onTestStart::30 - Verifies with valid user is able to login into Application
2025-07-26 12:16:05 [TestNG-test=UI Automation Test-3] INFO  com.ui.listeners.TestListeners::onTestStart::30 - Verifies with valid user is able to login into Application
2025-07-26 12:16:05 [TestNG-test=UI Automation Test-3] INFO  com.ui.listeners.TestListeners::onTestStart::31 - [e2e, sanity]
2025-07-26 12:16:05 [TestNG-test=UI Automation Test-1] INFO  com.ui.listeners.TestListeners::onTestStart::31 - [e2e, sanity]
2025-07-26 12:16:05 [TestNG-test=UI Automation Test-3] WARN  com.ui.listeners.TestListeners::onTestSkipped::71 - loginJsonTest SKIPPED
2025-07-26 12:16:05 [TestNG-test=UI Automation Test-1] WARN  com.ui.listeners.TestListeners::onTestSkipped::71 - loginCSVTest SKIPPED
]]></system-out>
  </testcase>
  <testcase name="loginJsonTest[User [emailAddress=testimrail@yopmail.com, password=password]](1)" classname="com.ui.tests.LoginTest" time="0.0">
    <skipped message="No enum constant com.constants.Browser."/>
  </testcase>
  <testcase name="tearDown" classname="com.ui.tests.LoginTest" time="0.0">
    <skipped/>
  </testcase>
  <testcase name="tearDown" classname="com.ui.tests.LoginTest" time="0.0">
    <skipped/>
  </testcase>
  <testcase name="tearDown" classname="com.ui.tests.LoginTest" time="0.0">
    <skipped/>
    <system-out><![CDATA[2025-07-26 12:16:05 [TestNG-test=UI Automation Test-3] INFO  com.ui.listeners.TestListeners::onTestStart::31 - [e2e, sanity]
]]></system-out>
  </testcase>
  <testcase name="tearDown" classname="com.ui.tests.LoginTest" time="0.0">
    <skipped/>
  </testcase>
  <testcase name="tearDown" classname="com.ui.tests.LoginTest" time="0.0">
    <skipped/>
  </testcase>
  <testcase name="tearDown" classname="com.ui.tests.LoginTest" time="0.0">
    <skipped/>
  </testcase>
  <testcase name="setUp" classname="com.ui.tests.LoginTest" time="0.0">
    <skipped/>
  </testcase>
  <testcase name="setUp" classname="com.ui.tests.LoginTest" time="0.0">
    <skipped/>
    <system-out><![CDATA[2025-07-26 12:16:05 [TestNG-test=UI Automation Test-1] INFO  com.ui.listeners.TestListeners::onTestStart::29 - loginCSVTest
]]></system-out>
  </testcase>
  <testcase name="setUp" classname="com.ui.tests.LoginTest" time="0.0">
    <skipped/>
  </testcase>
  <testcase name="setUp" classname="com.ui.tests.LoginTest" time="0.0">
    <skipped/>
  </testcase>
  <testcase name="loginCSVTest[User [emailAddress=testimrail@yopmail.com, password=password]](2)" classname="com.ui.tests.LoginTest" time="0.0">
    <skipped message="No enum constant com.constants.Browser."/>
    <system-out><![CDATA[2025-07-26 12:16:05 [TestNG-test=UI Automation Test-1] INFO  com.ui.listeners.TestListeners::onTestStart::30 - Verifies with valid user is able to login into Application
2025-07-26 12:16:05 [TestNG-test=UI Automation Test-3] INFO  com.ui.listeners.TestListeners::onTestStart::29 - loginJsonTest
2025-07-26 12:16:05 [TestNG-test=UI Automation Test-1] INFO  com.ui.listeners.TestListeners::onTestStart::31 - [e2e, sanity]
2025-07-26 12:16:05 [TestNG-test=UI Automation Test-1] WARN  com.ui.listeners.TestListeners::onTestSkipped::71 - loginCSVTest SKIPPED
2025-07-26 12:16:05 [TestNG-test=UI Automation Test-3] INFO  com.ui.listeners.TestListeners::onTestStart::30 - Verifies with valid user is able to login into Application
]]></system-out>
  </testcase>
  <testcase name="loginCSVTest[User [emailAddress=taestimrail@yopmail.com, password=password]](3)" classname="com.ui.tests.LoginTest" time="0.0">
    <skipped message="No enum constant com.constants.Browser."/>
    <system-out><![CDATA[2025-07-26 12:16:05 [TestNG-test=UI Automation Test-1] INFO  com.ui.listeners.TestListeners::onTestStart::29 - loginCSVTest
2025-07-26 12:16:05 [TestNG-test=UI Automation Test-1] INFO  com.ui.listeners.TestListeners::onTestStart::30 - Verifies with valid user is able to login into Application
2025-07-26 12:16:05 [TestNG-test=UI Automation Test-1] INFO  com.ui.listeners.TestListeners::onTestStart::31 - [e2e, sanity]
2025-07-26 12:16:05 [TestNG-test=UI Automation Test-1] WARN  com.ui.listeners.TestListeners::onTestSkipped::71 - loginCSVTest SKIPPED
]]></system-out>
  </testcase>
  <testcase name="loginJsonTest[User [emailAddress=sandsj@yopmail.com, password=password]](2)" classname="com.ui.tests.LoginTest" time="0.0">
    <skipped message="No enum constant com.constants.Browser."/>
    <system-out><![CDATA[2025-07-26 12:16:05 [TestNG-test=UI Automation Test-3] WARN  com.ui.listeners.TestListeners::onTestSkipped::71 - loginJsonTest SKIPPED
]]></system-out>
  </testcase>
  <testcase name="loginExcelTest[User [emailAddress=testimrail@yopmail.com, password=password]](1)" classname="com.ui.tests.LoginTest" time="0.0">
    <skipped message="No enum constant com.constants.Browser."/>
    <system-out><![CDATA[2025-07-26 12:16:06 [TestNG-test=UI Automation Test-2] INFO  com.ui.listeners.TestListeners::onTestStart::29 - loginExcelTest
2025-07-26 12:16:06 [TestNG-test=UI Automation Test-2] INFO  com.ui.listeners.TestListeners::onTestStart::30 - Verifies with valid user is able to login into Application
2025-07-26 12:16:06 [TestNG-test=UI Automation Test-2] INFO  com.ui.listeners.TestListeners::onTestStart::31 - [e2e, sanity]
2025-07-26 12:16:06 [TestNG-test=UI Automation Test-2] WARN  com.ui.listeners.TestListeners::onTestSkipped::71 - loginExcelTest SKIPPED
]]></system-out>
  </testcase>
</testsuite>